>  buenas noches guapo
Un placer

>  el placer es mio
Tu raza

>  la tuya
Y yo porque al final da teoría si no a joderse

>  que te parece si quedamos a cenar por mi cumple ?
Que lo dijeras 😅

>  asi nos juntamos todos
Pues dimelo hombre

>  mañana o el viernes?
Si, me viene bien

>  si hombre, asi sales un rato de casa
Ahora voyyyy

>  venga hombre
Mañana sin falta

>  donde te apetece ir?
Bueno, no te preocupe

>  quieres pizza?
Siii

>  si es que eres un gordo
Mira a ver qué tiene cada uno y coge el que más te guste

>  que no queiro cojer nada
Venga va

>  bueeeeno, pero solo uno
Y para estar un rato solo

>  claro, como tienes novia me lo restriegas por al cara
Me parece un tema mucho mas importante que la inmensa mayoria de cosas que se pueden hablar en clase

>  di que si hombre
Mañana sin falta

>  adios
