>  hola. como estas?
Mama

>  dime
llamame si quieres

>  ahora no puedo, estoy en clase
Hazle una foto a la clave del wifi y mandando por easap

>  para que necesitas la clave?
Si en Salamanca esta me lo acaba de decir Vanesa la de Diana ella no sabe la faculta ya se entera tu padre

>  espero que le vaya bien en Salamanca
Si es asi, pasale mi numero, que creo haberla visto en mi facultad y asi si necesita algo me lo puede decir

>  cuando pueda se lo paso
Hazle una foto a la clave del wifi y mandando por easap

>  te he dicho que no puedo hacerla 
Vale gracias ðŸ˜

>  cuando llegue a casa de la hago
Vaaale

>  necesitas algo mas?
Bieeeeen ðŸ™ŒðŸ»

>  llegare a casa en dos horas
Mira pidemelo para eso de las siete mas o menos

>  vale, a las siete te lo digo
Pues internet no hay

>  y que ha pasado?
ðŸ‘â¤â¤â¤

>  jeje
Mira, para eso al menos has sido mas rapidos ðŸ¤£

>  me voy a ir
Dile a Maricruz si a ella le funciona

>  no puedo, luego s elo digo
Ya me cuentas cuando lo sepas te quiero ðŸ˜˜ðŸ˜˜ðŸ˜˜

>  adios
