>  holap
Mira, un adelanto del curso

>  a ver?
De ir no

>  como que no?
Conversación de este fin de semana

>  que paso este fin de semana?
Me pierdo dos días pero esque tengo que hacer cosas

>  que cosas tienes que hacer??
Más o menos eso

>  cuentame que tal las clases
Bueno, tu tranquilo y no pasa nada

>  necesitaras estudiar
Te jodes

>  ya te vale
628897079

>  y ese numero?
Es que depende de lo que te guste a ti

>  a que te refieres?
Ya...

>  hablame sobre tus clases
Bueno, tu tranquilo y no pasa nada

>  el ultimo examen?
Que taaaal Marieteeee

>  adios
