>  como estas?
Ya...

>  eso que quiere decir?
Te hago un umboxin

>  umboxing de que?
Esta cerrada??

>  te refieres a una caja?
Pero tengo clase si no sabes que sin problema

>  ce que tienes la clase?
Bueno, tu tranquilo y no pasa nada

>  te apetece tomar un cafe?
He quedado con Marta

>  con marta?
Jajajajaja

>  espero que te lo pases bien con ella
Como quieras

>  otro dia quedamos tu y yo
Que va que va

>  si hombre, que te lo pasaras bien
Que si pesao

>  ala, ya te estas metiendo conmigo
Que esta tarde estare en la autoescuela

>  que tal el carnet?
Mañana sin falta tío

>  pero yo mañana no puedo
Que no llego

>  bueno el viernes nos vemos
Bueno, tu tranquilo y no pasa nada

>  adios
