>  hola
Hasta ma침ana cari침o 游땢

>  oh, que cosas mas bonitas
La compramos ayer en Moraleja

>  que tal fue el viaje?
Dile a Maricruz si a ella le funciona

>  el que?
Uy los juegos de la wii ponmelos justo a los demas que hay en la estanteria

>  en la estanteria estan los juegos?
Cuando lo tengas todo colocado le haces fotos y me las mandas

>  vale, de acuerdo
Vale chao

>  no quieres hablar conmigo?
Rato*

>  vale un ratito
Vale cari침o te quiero 游눘

>  ohhhh, que bonito
Nada

>  cuando podemos ir a comprar?
Dile a Maricruz si a ella le funciona

>  si, le funciona
Piso para ti?

>  supongo
Por??

>  no lo se, me lo has dicho tu
Vale gracias 游때

>  nos vemos ma침ana
Que ahora no puedo

>  adios
