>  hola majo
Me vas diciendo Marieteeee

>  sabes lo de marta?
Donde andas exactamente??

>  en la biblioteca
Ufff que tarde

>  ya sabes que siempre estoy en ella
Mira a ver qué tiene cada uno y coge el que más te guste

>  no puedo hacer eso, que es robar XD
Tuuuu

>  yooo
Vaaa

>  que conversación mas elaborada
Y tú pasa de verdad

>  yo paso de todo menos de lo que tengo que pasar
Como quieras

>  que tal llevas el dia??
Que tal tío

>  pues cansado
Para las 7 digo

>  a las 7 podemos tomar un cafe
Como quieras Mario

>  ah si, jeje
Raul

>  ya no te puedes negar 
ah si, jeje

>  esta tarde nos vemos
Si no bajo

>  no tranqui, yo subo
Ostia

>  adios tio
Mejorate

>  chao
