>  holap
Ma침ana os cuento que estoy fuera

>  que estas haciendo?
Ya me fije en eso

>  que tal en el trabajo?
Si

>  estas trabajando?
De acuerdo

>  veo una conversaci칩n muy fluida
Por si cuadra me bajo alli y me subo contigo

>  no que estoy muy lejos
Ala boche

>  eso, a la boche
Si

>  estas fuera?
Vale, pues te dejo que voy al gym

>  y tal en el gym?
Si

>  te veo muy positiva
Pues vente y s치calo antes

>  el que tengo que sacar?
Vale gracias 游때

>  de nada
Ya te ir치s pronto a la cena

>  dentro de unas 4 horas
Ok y lo dem치s lo subo

>  vale, nos vemos luego
游봌

>  chao
