Buenos días. ¿Cuál es el tema sobre el que quieres hablar?.

>  hola Eliza
¿Cómo estás? Por favor cuentame tus problemas

>  ultimamente me duele el hombro, creo que tengo un problema
¿Por qué preguntas?

>  pienso que podrias ayudarme
¿Te interesa esa pregunta?

>  si
Pareces ser bastante positivo.

>  intento hser positivo ante los problemas
No estoy segura de entenderte completamente.

>  lo siento, puedo repetirlo si quieres
Cuénteme más acerca de esos sentimientos.

>  siento muchos dolores en la espalda y los hombros
¿A menudo sientes muchos dolores en la espalda y los hombros ?

>  si, muy a menudo
Estás seguro.

>  claro
Ya veo.

>  opinas que debería hacer algo mas ?
¿Qué es lo que realmente querías saber?

>  creo que me puedes ayudar con mis dolores
¿Estas preguntas te preocupan mucho?

>  sabes, mejor vuelvo otro dia
Continua por favor.

>  no gracias
¿Estás diciendo que no solo para ser negativo?

>  chao
None

Ten una buén días y no dudes en volver a hbalar conigo. 


