¿Cómo estas? Por favor cuentame tus problemas.

>  buenas noches
¿Cómo estás? Por favor cuentame tus problemas

>  me siento mal ultimamente
Cuénteme más acerca de esos sentimientos.

>  siento que todo el mundo me mira raro
¿A menudo sientes que todo el mundo me mira raro ?

>  si
Pareces ser bastante positivo.

>  intento serlo a menudo
No estoy segura de entenderte completamente.

>  puedo repetirlo si quieres
Estás seguro.

>  creo que no hace falta
¿Por qué preguntas?

>  no es una pregunta , a veces no me entiendes bien
¿Estás diciendo que no solo para ser negativo?

>  prometo que intento ser feliz
¿Te interesa esa pregunta?

>  no es una pregunta , pero gracias
Estás siendo un poco negativo.

>  adios Eliza
Continua por favor.

>  chao
None

Ten una buén días y no dudes en volver a hbalar conigo. 
