¿Cómo estas? Por favor cuentame tus problemas.

>  buenas noches
¿Cómo estás? Por favor cuentame tus problemas

>  ¿ que opinas sobre la cultura española ?
¿Por qué preguntas?

>  quiero saber tu opinion
Estábamos discutiendo sobre ti, no sobre mí.

>  cierto
No estoy segura de entenderte completamente.

>  opino que la cultura española tiene cosas muy buenas
¿Te interesa esa pregunta?

>  si
Pareces ser bastante positivo.

>  mira, me gusta la comida española, sobre todo la paella
Continua por favor.

>  tambien me encanta el jamon y pienso que es lo mejor del pais
¿Qué es lo que realmente querías saber?

>  quiero saber si a ti te gusta la comida española
Estás seguro.

>  si
Ya veo.

>  ¿ me puedes responder ?
Crees que puedo me ¿no?

>  no se si esa respuesta es muy correcta
¿Estás diciendo que no solo para ser negativo?

>  no
Estás siendo un poco negativo.

>  lo siento
Cuénteme más acerca de esos sentimientos.

>  me voy por que no te gusta la paella
¿Es esa la verdadera razón?

>  si
Entiendo.

>  Adios
None

Adios. Gracias por hablar conmigo. 


