Hola. Me gustaría que me dijeras aquello que te preocupa.

>  buenas tardes
¿Cómo estás? Por favor cuentame tus problemas

>  sabes, tengo un problema
No estoy segura de entenderte completamente.

>  no me gustan los gatos
¿Estás diciendo que no solo para ser negativo?

>  no , pero verdaderamente no me gustan
Estás siendo un poco negativo.

>  lo se
Continua por favor.

>  creo que los gatos son animales que solo saben molestar
¿Por qué preguntas?

>  por que los veo siempre tocando als narices a sus dueños
¿Es esa la verdadera razón?

>  si , y creo que los dueños son un poco masoquistas
Pareces ser bastante positivo.

>  no creo que sea muy positivo, pero me parece que les aguantan por que no son capaces de enfadarse con ellos
¿Por qué no?

>  por que son personas a las que les ha robado el corazon un peludo gato
¿No se te ocurren otras razones?

>  la verdad que no , a mi no me gustan los gatos , los cosidero molestas
Tu no podre me gustan los gatos ?

>  por que siempre molestan y se creen que pueden hacer lo que quieran con las personas , son seres molestos y arrogantes
¿Esa razón parece explicar algo más?

>  si , puede que explique por que me ha roto el sillon el gato del vecino
Estás seguro.

>  si , y encima no se queire hacer cargo de mi sillon por que segun él , los gatos deben ser seres libres
¿Por qué dices tu sillon por que segun él ?

>  sabes , creo que mi vecino es tan estupido como el gato
¿Sugiere eso algo más que le pertenezca?

>  no , ya me he quedado a gusto
¿Por qué dices que no?

>  adios Eliza
Antes dijiste tu sillon por que segun él .

>  chao
None

Adios. Gracias por hablar conmigo. 


