¿Cómo estas? Por favor cuentame tus problemas.

>  bienos dias Eliza
No estoy segura de entenderte completamente.

>  perdon , queria decir buenos dias
Por favor, no te disculpes.

>  queria hablar contigo sobre un sueño
Continua por favor.

>  ayer soñe con un avion de color verde
Por favor, ¿podrías repetirlo?. Creo que no te he entendido correctamente.

>  he soñado que volaba en un avion verde y no habia piloto
¿Por qué preguntas?

>  por que creo que podria ser un sueño premonitorio
¿Es esa la verdadera razón?

>  si
Pareces ser bastante positivo.

>  intento ser feliz , pero despues del sueño estoy asustado
¿Qué te suguiere eso?

>  creo que puedo montar en un avion en el cual no haya piloto
¿Te interesa esa pregunta?

>  si
Estás seguro.

>  bueno , ahora no lo se
¿Estás diciendo que no solo para ser negativo?

>  puede
No parece muy seguro.

>  a veces dudo de mi mismo
Tu mismo ?

>  si
Ya veo.

>  adios
None

Hasta luego. Espero te ahya servido de ayuda. 


