Hola. Me gustaría que me dijeras aquello que te preocupa.

>  buenas tardes Eliza
¿Cómo estás? Por favor cuentame tus problemas

>  quiero saber si te gustan los dias lluviosos
Pareces ser bastante positivo.

>  lo intento, pero no cambiemos de tema
¿Estás diciendo que no solo para ser negativo?

>  dime , ¿ que clima te gusta mas ?
¿Por qué preguntas?

>  quiero saber tus gustos
¿Por qué estás preocupado por mi gustos ?

>  si , me parece interesante
Estás seguro.

>  completamente
No estoy segura de entenderte completamente.

>  vaya , a veces olvido que solo eres un chatbot basico
¿Te interesa esa pregunta?

>  volvamos a habalr sobre el clima ¿ que opinas sobre el clima español ?
¿Qué es lo que realmente querías saber?

>  quiero saber si te gustan los dias lluviosos o prefieres los dias soleados
Ya veo.

>  yo tambien veo
Continua por favor.

>  yo prefiero los dias soleados , pero siempre que no haga mucho calor
¿Puedes pensar en un ejemplo específico?

>  tipico dia de abril donde no hace llueve ni hace calor
Estás siendo un poco negativo.

>  no, mas bien creo que a ti te falta un poco de entendimiento del lenguaje natural
¿Por qué no?

>  jeje, no lo entenderias
¿Por qué dices que no?

>  Adios Elzia
Por favor, ¿podrías repetirlo?. Creo que no te he entendido correctamente.

>  adios
None

Ten una buén días y no dudes en volver a hbalar conigo. 


