¿Cómo estas? Por favor cuentame tus problemas.

>  hola Eliza
¿Cómo estás? Por favor cuentame tus problemas

>  a menudo sueño cosas espeluznantes
No estoy segura de entenderte completamente.

>  mis sueños me dan miedo
Continua por favor.

>  sueño con patitos de goma
Por favor, ¿podrías repetirlo?. Creo que no te he entendido correctamente.

>  patitos de goma Eliza 
¿Qué te suguiere eso?

>  no lo se, pero eso no es todo
¿Estás diciendo que no solo para ser negativo?

>  mira , son patitos de goma de color amarillo

¿Pensaste que podrían no ser patitos de color amarillo Eliza ?

>  eso seria aun peor . No puedo vivir sabiendo que existen patitos de un color distinto al verde
¿Estás diciendo que no solo para ser negativo?

>  lo siento
Cuénteme más acerca de esos sentimientos.

>  necesito ayuda
No estoy segura de entenderte completamente.

>  adios Eliza , no dejes que te atrapen los patitos amarillos
Estás siendo un poco negativo.

>  adios
None

Ten una buén días y no dudes en volver a hbalar conigo. 
