Buenos días. ¿Cuál es el tema sobre el que quieres hablar?.

>  buenas tardes Eliza
¿Cómo estás? Por favor cuentame tus problemas

>  me siento muy feliz ultimamente
Cuénteme más acerca de esos sentimientos.

>  bueno, creo que no tengo ningun problema
¿Por qué preguntas?

>  solo querias hablar contigo 
No estoy segura de entenderte completamente.

>  lo siento,
¿A menudo sientes ?

>  si claro, todo el tiempo
Pareces ser bastante positivo.

>  me gusta ser positivo
Continua por favor.

>  ¿ de que quieres hablar ?
¿Te interesa esa pregunta?

>  me interesas tu
Estábamos discutiendo sobre ti, no sobre mí.

>  pero me gustaria saber sobre ti
Por favor, ¿podrías repetirlo?. Creo que no te he entendido correctamente.

>  lo puedo repetir si tu quieres
Estás seguro.

>  bueno, mejor no
¿Estás diciendo que no solo para ser negativo?

>  quizas
No parece muy seguro.

>  creo que mejor me voy
¿Qué es lo que realmente querías saber?

>  adios Eliza
¿Qué te suguiere eso?

>  adios
None

Adios. Gracias por hablar conmigo. 


