Hola. Me gustaría que me dijeras aquello que te preocupa.

>  hola Eliza
¿Cómo estás? Por favor cuentame tus problemas

>  queria hacerte una pregunta
No estoy segura de entenderte completamente.

>  dime Eliza , que opinas sobre la vida
¿Por qué preguntas?

>  por que es un tema que considero muy importante
¿Es esa la verdadera razón?

>  si
Pareces ser bastante positivo.

>  ¿ qué opinas sobre el sexo de los angeles ?
Continua por favor.

>  quiero tu opinion
Estábamos discutiendo sobre ti, no sobre mí.

>  creo que son seres enormes llenos de ojos
¿Por qué preguntas?

>  no es una pregunta, es una opinion
¿Estás diciendo que no solo para ser negativo?

>  no , pero creo que no me entiendes
Estás siendo un poco negativo.

>  ¿ por que no entiendes la divinidad de los angeles llenos de ojos Eliza ?
¿Es esa la verdadera razón?

>  dejalo
No estoy segura de entenderte completamente.

>  chap
Continua por favor.

Adios. Gracias por hablar conmigo. 

