Buenos días. ¿Cuál es el tema sobre el que quieres hablar?.

>  buenas tardes Eliza
¿Cómo estás? Por favor cuentame tus problemas

>  me siento mal en el colegio
Cuénteme más acerca de esos sentimientos.

>  creo que los demas no me quieren
¿Por qué preguntas?

>  Ayer me dijeron que no me querian
¿Te interesa esa pregunta?

>  claro
Pareces ser bastante positivo.

>  no estoy seguro de eso
¿Estás diciendo que no solo para ser negativo?

>  solo me gustaria saber si le caigo bien a mis compañeros
Estás seguro.

>  si
Ya veo.

>  piensas que debo hacerme su amigo ?
¿Qué es lo que realmente querías saber?

>  tu opinion
Estábamos discutiendo sobre ti, no sobre mí.

>  lo se, lo siento
¿A menudo sientes ?

>  creo que si
¿Estas preguntas te preocupan mucho?

>  bastante
No estoy segura de entenderte completamente.

>  creo que no me explico muy bien
¿Qué respuesta te agradaría más?

>  saber que piensas tu
¿Qué piensas?

>  tu concetamente
Oh, yo concetamente ?

>  si
Entiendo.

>  me voy a ir, adios Eliza
Continua por favor.

>  Adios
None

Ten una buén días y no dudes en volver a hbalar conigo. 


